Start testing: Oct 24 16:25 MSK
----------------------------------------------------------
1/1 Testing: MatrixTests
1/1 Test: MatrixTests
Command: "/mnt/c/Users/Pavel/CLionProjects/Matrix/test/MatrixTests"
Directory: /mnt/c/Users/Pavel/CLionProjects/Matrix/test
"MatrixTests" start time: Oct 24 16:25 MSK
Output:
----------------------------------------------------------
Running main() from /mnt/c/Users/Pavel/CLionProjects/Matrix/googletest/googletest/src/gtest_main.cc
[==========] Running 19 tests from 6 test suites.
[----------] Global test environment set-up.
[----------] 4 tests from FirstPointTests
[ RUN      ] FirstPointTests.MatrixIndexTest
[       OK ] FirstPointTests.MatrixIndexTest (3 ms)
[ RUN      ] FirstPointTests.MatrixDiagonalTest
[       OK ] FirstPointTests.MatrixDiagonalTest (0 ms)
[ RUN      ] FirstPointTests.RowTest
[       OK ] FirstPointTests.RowTest (1 ms)
[ RUN      ] FirstPointTests.ColumnTest
[       OK ] FirstPointTests.ColumnTest (1 ms)
[----------] 4 tests from FirstPointTests (5 ms total)

[----------] 4 tests from SecondPointTests
[ RUN      ] SecondPointTests.MatrixFromDoubleTest
[       OK ] SecondPointTests.MatrixFromDoubleTest (0 ms)
[ RUN      ] SecondPointTests.MatrixFromRowsTest
[       OK ] SecondPointTests.MatrixFromRowsTest (0 ms)
[ RUN      ] SecondPointTests.MatrixFromColumnsTest
[       OK ] SecondPointTests.MatrixFromColumnsTest (0 ms)
[ RUN      ] SecondPointTests.RowAndColumnFromDouble
[       OK ] SecondPointTests.RowAndColumnFromDouble (0 ms)
[----------] 4 tests from SecondPointTests (0 ms total)

[----------] 4 tests from ThirdPointTest
[ RUN      ] ThirdPointTest.MatrixMultiplyTest
[       OK ] ThirdPointTest.MatrixMultiplyTest (0 ms)
[ RUN      ] ThirdPointTest.MatrixSumTest
[       OK ] ThirdPointTest.MatrixSumTest (1 ms)
[ RUN      ] ThirdPointTest.MatrixSubtractTest
[       OK ] ThirdPointTest.MatrixSubtractTest (1 ms)
[ RUN      ] ThirdPointTest.VectorMathOperationTest
[       OK ] ThirdPointTest.VectorMathOperationTest (2 ms)
[----------] 4 tests from ThirdPointTest (5 ms total)

[----------] 5 tests from FourthPointTest
[ RUN      ] FourthPointTest.MatrixAndDoubleMultiply
Test: MatrixAndDoubleMultiply
Factor: 10
Matrix: 
13 20 15 9 
0 3 12 13 
Result: 
130 200 150 90 
0 30 120 130 

[       OK ] FourthPointTest.MatrixAndDoubleMultiply (0 ms)
[ RUN      ] FourthPointTest.RowAndMatrixMultiply
Test: RowAndMatrixMultiply
Row: [100, 200, ]
Matrix: 
13 20 15 9 
0 3 12 13 
Result: 
1300 2600 3900 3500 

[       OK ] FourthPointTest.RowAndMatrixMultiply (0 ms)
[ RUN      ] FourthPointTest.MatrixAndRowMultiply
Test: MatrixAndRowMultiply
Row: [100, 200, ]
Matrix: 
13 
0 
Result: 
1300 2600 
0 0 

[       OK ] FourthPointTest.MatrixAndRowMultiply (0 ms)
[ RUN      ] FourthPointTest.MatrixAndMatrixMultiply
Test: MatrixAndMatrixMultiply
MatrixA:
13 
20 
15 
9 
MatrixB: 
13 0 13 0 
20 3 20 3 
15 12 15 12 
9 13 9 13 
Result: 
364 
647 
768 
629 

[       OK ] FourthPointTest.MatrixAndMatrixMultiply (0 ms)
[ RUN      ] FourthPointTest.ColumnAndMatrixMultiply
Test: ColumnAndMatrixMultiply
Column:
[100]
[200]

Matrix: 
13 20 
Result: 
1300 2000 
2600 4000 
[       OK ] FourthPointTest.ColumnAndMatrixMultiply (0 ms)
[----------] 5 tests from FourthPointTest (0 ms total)

[----------] 1 test from SixthPointTests
[ RUN      ] SixthPointTests.DeterminantTest
Test: DeterminantTest
Matrix:
1 -2 
6 7 
Determinant: 
19
Matrix:
1 -2 3 
6 7 8 
1 2 3 
Determinant: 
40
Matrix:
1 -2 3 4 
6 7 8 -9 
1 2 3 4 
6 7 8 9 
Determinant: 
720
Matrix:
1 -2 3 4 5 
6 7 8 -9 0 
1 2 3 4 5 
6 7 8 9 0 
1 2 -3 4 5 
Determinant: 
12960
[       OK ] SixthPointTests.DeterminantTest (0 ms)
[----------] 1 test from SixthPointTests (0 ms total)

[----------] 1 test from SeventhPointTests
[ RUN      ] SeventhPointTests.TransposedMatrixTest
Test: TransposedMatrixTest
Matrix:
1 -2 3 4 5 
6 7 8 -9 0 
1 2 3 4 5 
6 7 8 9 0 
1 2 -3 4 5 
Transposed Matrix:
1 6 1 6 1 
-2 7 2 7 2 
3 8 3 8 -3 
4 -9 4 9 4 
5 0 5 0 5 
[       OK ] SeventhPointTests.TransposedMatrixTest (0 ms)
[----------] 1 test from SeventhPointTests (0 ms total)

[----------] Global test environment tear-down
[==========] 19 tests from 6 test suites ran. (12 ms total)
[  PASSED  ] 19 tests.
<end of output>
Test time =   0.12 sec
----------------------------------------------------------
Test Passed.
"MatrixTests" end time: Oct 24 16:25 MSK
"MatrixTests" time elapsed: 00:00:00
----------------------------------------------------------

End testing: Oct 24 16:25 MSK
