Start testing: Oct 24 15:56 RTZ 2 (ceia)
----------------------------------------------------------
Unable to find executable: /mnt/c/Users/Pavel/CLionProjects/Matrix/cmake-build-debug/test/MatrixTests
1/1 Testing: MatrixTests
1/1 Test: MatrixTests
Command: ""
Directory: C:/Users/Pavel/CLionProjects/Matrix/cmake-build-debug/test
"MatrixTests" start time: 
Output:
----------------------------------------------------------
<end of output>
Test time =   0.00 sec
----------------------------------------------------------
Test Passed.
"MatrixTests" end time: Oct 24 15:56 RTZ 2 (ceia)
"MatrixTests" time elapsed: 00:00:00
----------------------------------------------------------

End testing: Oct 24 15:56 RTZ 2 (ceia)
